[debug] [2025-03-15T04:36:27.647Z] ----------------------------------------------------------------------
[debug] [2025-03-15T04:36:27.655Z] Command:       C:\Program Files\nodejs\node.exe C:\Users\74run\AppData\Roaming\npm\node_modules\firebase-tools\lib\bin\firebase.js login
[debug] [2025-03-15T04:36:27.656Z] CLI Version:   13.34.0
[debug] [2025-03-15T04:36:27.658Z] Platform:      win32
[debug] [2025-03-15T04:36:27.658Z] Node Version:  v18.20.6
[debug] [2025-03-15T04:36:27.661Z] Time:          Fri Mar 14 2025 23:36:27 GMT-0500 (Central Daylight Time)
[debug] [2025-03-15T04:36:27.662Z] ----------------------------------------------------------------------
[debug] 
[debug] [2025-03-15T04:36:27.674Z] >>> [apiv2][query] GET https://firebase-public.firebaseio.com/cli.json [none]
[info] i  Firebase optionally collects CLI and Emulator Suite usage and error reporting information to help improve our products. Data is collected in accordance with Google's privacy policy (https://policies.google.com/privacy) and is not used to identify you.
 
[debug] [2025-03-15T04:36:28.844Z] <<< [apiv2][status] GET https://firebase-public.firebaseio.com/cli.json 200
[debug] [2025-03-15T04:36:28.845Z] <<< [apiv2][body] GET https://firebase-public.firebaseio.com/cli.json {"cloudBuildErrorAfter":1594252800000,"cloudBuildWarnAfter":1590019200000,"defaultNode10After":1594252800000,"minVersion":"3.0.5","node8DeploysDisabledAfter":1613390400000,"node8RuntimeDisabledAfter":1615809600000,"node8WarnAfter":1600128000000}
[debug] [2025-03-15T04:36:59.672Z] ----------------------------------------------------------------------
[debug] [2025-03-15T04:36:59.675Z] Command:       C:\Program Files\nodejs\node.exe C:\Users\74run\AppData\Roaming\npm\node_modules\firebase-tools\lib\bin\firebase.js login
[debug] [2025-03-15T04:36:59.676Z] CLI Version:   13.34.0
[debug] [2025-03-15T04:36:59.676Z] Platform:      win32
[debug] [2025-03-15T04:36:59.676Z] Node Version:  v18.20.6
[debug] [2025-03-15T04:36:59.677Z] Time:          Fri Mar 14 2025 23:36:59 GMT-0500 (Central Daylight Time)
[debug] [2025-03-15T04:36:59.677Z] ----------------------------------------------------------------------
[debug] 
[info] i  Firebase optionally collects CLI and Emulator Suite usage and error reporting information to help improve our products. Data is collected in accordance with Google's privacy policy (https://policies.google.com/privacy) and is not used to identify you.
 
[info] 
[info] Visit this URL on this device to log in:
[info] https://accounts.google.com/o/oauth2/auth?client_id=563584335869-fgrhgmd47bqnekij5i8b5pr03ho849e6.apps.googleusercontent.com&scope=email%20openid%20https%3A%2F%2Fwww.googleapis.com%2Fauth%2Fcloudplatformprojects.readonly%20https%3A%2F%2Fwww.googleapis.com%2Fauth%2Ffirebase%20https%3A%2F%2Fwww.googleapis.com%2Fauth%2Fcloud-platform&response_type=code&state=999099071&redirect_uri=http%3A%2F%2Flocalhost%3A9005
[info] 
[info] Waiting for authentication...
